# JRE version: Java(TM) SE Runtime Environment (8.0_181-b13) (build 1.8.0_181-b13)
# Java VM: Java HotSpot(TM) 64-Bit Server VM (25.181-b13 mixed mode linux-amd64 compressed oops)
Heap:
 def new generation   total 11648K, used 6420K [0x00000000f0600000, 0x00000000f12a0000, 0x00000000f5950000)
  eden space 10368K,  49% used [0x00000000f0600000, 0x00000000f0b05098, 0x00000000f1020000)
  from space 1280K, 100% used [0x00000000f1020000, 0x00000000f1160000, 0x00000000f1160000)
  to   space 1280K,   0% used [0x00000000f1160000, 0x00000000f1160000, 0x00000000f12a0000)
 tenured generation   total 25768K, used 18036K [0x00000000f5950000, 0x00000000f727a000, 0x0000000100000000)
   the space 25768K,  69% used [0x00000000f5950000, 0x00000000f6aed310, 0x00000000f6aed400, 0x00000000f727a000)
 Metaspace       used 54899K, capacity 55618K, committed 56064K, reserved 1097728K
  class space    used 7360K, capacity 7568K, committed 7680K, reserved 1048576K
GC Heap History (10 events):
Event: 17.267 GC heap before
{Heap before GC invocations=49 (full 3):
 def new generation   total 9088K, used 9087K [0x00000000f0600000, 0x00000000f0fd0000, 0x00000000f5950000)
  eden space 8128K, 100% used [0x00000000f0600000, 0x00000000f0df0000, 0x00000000f0df0000)
  from space 960K,  99% used [0x00000000f0df0000, 0x00000000f0edfff8, 0x00000000f0ee0000)
  to   space 960K,   0% used [0x00000000f0ee0000, 0x00000000f0ee0000, 0x00000000f0fd0000)
 tenured generation   total 19968K, used 17319K [0x00000000f5950000, 0x00000000f6cd0000, 0x0000000100000000)
   the space 19968K,  86% used [0x00000000f5950000, 0x00000000f6a39d80, 0x00000000f6a39e00, 0x00000000f6cd0000)
 Metaspace       used 46437K, capacity 47062K, committed 47360K, reserved 1089536K
  class space    used 6168K, capacity 6396K, committed 6400K, reserved 1048576K
Event: 17.274 GC heap after
Heap after GC invocations=50 (full 3):
 def new generation   total 9088K, used 960K [0x00000000f0600000, 0x00000000f0fd0000, 0x00000000f5950000)
  eden space 8128K,   0% used [0x00000000f0600000, 0x00000000f0600000, 0x00000000f0df0000)
  from space 960K, 100% used [0x00000000f0ee0000, 0x00000000f0fd0000, 0x00000000f0fd0000)
  to   space 960K,   0% used [0x00000000f0df0000, 0x00000000f0df0000, 0x00000000f0ee0000)
 tenured generation   total 19968K, used 18376K [0x00000000f5950000, 0x00000000f6cd0000, 0x0000000100000000)
   the space 19968K,  92% used [0x00000000f5950000, 0x00000000f6b42390, 0x00000000f6b42400, 0x00000000f6cd0000)
 Metaspace       used 46437K, capacity 47062K, committed 47360K, reserved 1089536K
  class space    used 6168K, capacity 6396K, committed 6400K, reserved 1048576K
}
Event: 17.540 GC heap before
{Heap before GC invocations=50 (full 3):
 def new generation   total 9088K, used 9088K [0x00000000f0600000, 0x00000000f0fd0000, 0x00000000f5950000)
  eden space 8128K, 100% used [0x00000000f0600000, 0x00000000f0df0000, 0x00000000f0df0000)
  from space 960K, 100% used [0x00000000f0ee0000, 0x00000000f0fd0000, 0x00000000f0fd0000)
  to   space 960K,   0% used [0x00000000f0df0000, 0x00000000f0df0000, 0x00000000f0ee0000)
 tenured generation   total 19968K, used 18376K [0x00000000f5950000, 0x00000000f6cd0000, 0x0000000100000000)
   the space 19968K,  92% used [0x00000000f5950000, 0x00000000f6b42390, 0x00000000f6b42400, 0x00000000f6cd0000)
 Metaspace       used 48045K, capacity 48726K, committed 49024K, reserved 1091584K
  class space    used 6321K, capacity 6524K, committed 6528K, reserved 1048576K
Event: 17.546 GC heap after
Heap after GC invocations=51 (full 3):
 def new generation   total 9088K, used 960K [0x00000000f0600000, 0x00000000f0fd0000, 0x00000000f5950000)
  eden space 8128K,   0% used [0x00000000f0600000, 0x00000000f0600000, 0x00000000f0df0000)
  from space 960K, 100% used [0x00000000f0df0000, 0x00000000f0ee0000, 0x00000000f0ee0000)
  to   space 960K,   0% used [0x00000000f0ee0000, 0x00000000f0ee0000, 0x00000000f0fd0000)
 tenured generation   total 19968K, used 19629K [0x00000000f5950000, 0x00000000f6cd0000, 0x0000000100000000)
   the space 19968K,  98% used [0x00000000f5950000, 0x00000000f6c7b6a8, 0x00000000f6c7b800, 0x00000000f6cd0000)
 Metaspace       used 48045K, capacity 48726K, committed 49024K, reserved 1091584K
  class space    used 6321K, capacity 6524K, committed 6528K, reserved 1048576K
}
Event: 17.929 GC heap before
{Heap before GC invocations=51 (full 3):
 def new generation   total 9088K, used 9077K [0x00000000f0600000, 0x00000000f0fd0000, 0x00000000f5950000)
  eden space 8128K,  99% used [0x00000000f0600000, 0x00000000f0ded560, 0x00000000f0df0000)
  from space 960K, 100% used [0x00000000f0df0000, 0x00000000f0ee0000, 0x00000000f0ee0000)
  to   space 960K,   0% used [0x00000000f0ee0000, 0x00000000f0ee0000, 0x00000000f0fd0000)
 tenured generation   total 19968K, used 19629K [0x00000000f5950000, 0x00000000f6cd0000, 0x0000000100000000)
   the space 19968K,  98% used [0x00000000f5950000, 0x00000000f6c7b6a8, 0x00000000f6c7b800, 0x00000000f6cd0000)
 Metaspace       used 49827K, capacity 50454K, committed 50816K, reserved 1093632K
  class space    used 6565K, capacity 6780K, committed 6784K, reserved 1048576K
Event: 18.011 GC heap after
Heap after GC invocations=52 (full 4):
 def new generation   total 11648K, used 0K [0x00000000f0600000, 0x00000000f12a0000, 0x00000000f5950000)
  eden space 10368K,   0% used [0x00000000f0600000, 0x00000000f0600000, 0x00000000f1020000)
  from space 1280K,   0% used [0x00000000f1020000, 0x00000000f1020000, 0x00000000f1160000)
  to   space 1280K,   0% used [0x00000000f1160000, 0x00000000f1160000, 0x00000000f12a0000)
 tenured generation   total 25768K, used 15459K [0x00000000f5950000, 0x00000000f727a000, 0x0000000100000000)
   the space 25768K,  59% used [0x00000000f5950000, 0x00000000f6868ed8, 0x00000000f6869000, 0x00000000f727a000)
 Metaspace       used 49827K, capacity 50454K, committed 50816K, reserved 1093632K
  class space    used 6565K, capacity 6780K, committed 6784K, reserved 1048576K
}
Event: 19.938 GC heap before
{Heap before GC invocations=52 (full 4):
 def new generation   total 11648K, used 10364K [0x00000000f0600000, 0x00000000f12a0000, 0x00000000f5950000)
  eden space 10368K,  99% used [0x00000000f0600000, 0x00000000f101f110, 0x00000000f1020000)
  from space 1280K,   0% used [0x00000000f1020000, 0x00000000f1020000, 0x00000000f1160000)
  to   space 1280K,   0% used [0x00000000f1160000, 0x00000000f1160000, 0x00000000f12a0000)
 tenured generation   total 25768K, used 15459K [0x00000000f5950000, 0x00000000f727a000, 0x0000000100000000)
   the space 25768K,  59% used [0x00000000f5950000, 0x00000000f6868ed8, 0x00000000f6869000, 0x00000000f727a000)
 Metaspace       used 52433K, capacity 53112K, committed 53376K, reserved 1095680K
  class space    used 6983K, capacity 7197K, committed 7296K, reserved 1048576K
Event: 19.942 GC heap after
Heap after GC invocations=53 (full 4):
 def new generation   total 11648K, used 1279K [0x00000000f0600000, 0x00000000f12a0000, 0x00000000f5950000)
  eden space 10368K,   0% used [0x00000000f0600000, 0x00000000f0600000, 0x00000000f1020000)
  from space 1280K,  99% used [0x00000000f1160000, 0x00000000f129fff8, 0x00000000f12a0000)
  to   space 1280K,   0% used [0x00000000f1020000, 0x00000000f1020000, 0x00000000f1160000)
 tenured generation   total 25768K, used 16675K [0x00000000f5950000, 0x00000000f727a000, 0x0000000100000000)
   the space 25768K,  64% used [0x00000000f5950000, 0x00000000f6998ea8, 0x00000000f6999000, 0x00000000f727a000)
 Metaspace       used 52433K, capacity 53112K, committed 53376K, reserved 1095680K
  class space    used 6983K, capacity 7197K, committed 7296K, reserved 1048576K
}
Event: 25.569 GC heap before
{Heap before GC invocations=53 (full 4):
 def new generation   total 11648K, used 11634K [0x00000000f0600000, 0x00000000f12a0000, 0x00000000f5950000)
  eden space 10368K,  99% used [0x00000000f0600000, 0x00000000f101cb48, 0x00000000f1020000)
  from space 1280K,  99% used [0x00000000f1160000, 0x00000000f129fff8, 0x00000000f12a0000)
  to   space 1280K,   0% used [0x00000000f1020000, 0x00000000f1020000, 0x00000000f1160000)
 tenured generation   total 25768K, used 16675K [0x00000000f5950000, 0x00000000f727a000, 0x0000000100000000)
   the space 25768K,  64% used [0x00000000f5950000, 0x00000000f6998ea8, 0x00000000f6999000, 0x00000000f727a000)
 Metaspace       used 54280K, capacity 54962K, committed 55424K, reserved 1097728K
  class space    used 7306K, capacity 7530K, committed 7552K, reserved 1048576K
Event: 25.589 GC heap after
Heap after GC invocations=54 (full 4):
 def new generation   total 11648K, used 1280K [0x00000000f0600000, 0x00000000f12a0000, 0x00000000f5950000)
  eden space 10368K,   0% used [0x00000000f0600000, 0x00000000f0600000, 0x00000000f1020000)
  from space 1280K, 100% used [0x00000000f1020000, 0x00000000f1160000, 0x00000000f1160000)
  to   space 1280K,   0% used [0x00000000f1160000, 0x00000000f1160000, 0x00000000f12a0000)
 tenured generation   total 25768K, used 18036K [0x00000000f5950000, 0x00000000f727a000, 0x0000000100000000)
   the space 25768K,  69% used [0x00000000f5950000, 0x00000000f6aed310, 0x00000000f6aed400, 0x00000000f727a000)
 Metaspace       used 54280K, capacity 54962K, committed 55424K, reserved 1097728K
  class space    used 7306K, capacity 7530K, committed 7552K, reserved 1048576K
}

