# JRE version: Java(TM) SE Runtime Environment (8.0_181-b13) (build 1.8.0_181-b13)
# Java VM: Java HotSpot(TM) 64-Bit Server VM (25.181-b13 mixed mode linux-amd64 compressed oops)
Heap:
 PSYoungGen      total 116224K, used 608K [0x00000000f5900000, 0x00000000fdc80000, 0x0000000100000000)
  eden space 106496K, 0% used [0x00000000f5900000,0x00000000f5900000,0x00000000fc100000)
  from space 9728K, 6% used [0x00000000fd300000,0x00000000fd398000,0x00000000fdc80000)
  to   space 9216K, 0% used [0x00000000fc100000,0x00000000fc100000,0x00000000fca00000)
 ParOldGen       total 28672K, used 19859K [0x00000000e0a00000, 0x00000000e2600000, 0x00000000f5900000)
  object space 28672K, 69% used [0x00000000e0a00000,0x00000000e1d64e60,0x00000000e2600000)
 Metaspace       used 33006K, capacity 33570K, committed 33792K, reserved 1079296K
  class space    used 3888K, capacity 4071K, committed 4096K, reserved 1048576K
GC Heap History (10 events):
Event: 3.642 GC heap after
Heap after GC invocations=8 (full 0):
 PSYoungGen      total 74240K, used 4744K [0x00000000f5900000, 0x00000000fa800000, 0x0000000100000000)
  eden space 69120K, 0% used [0x00000000f5900000,0x00000000f5900000,0x00000000f9c80000)
  from space 5120K, 92% used [0x00000000fa200000,0x00000000fa6a23a8,0x00000000fa700000)
  to   space 5632K, 0% used [0x00000000f9c80000,0x00000000f9c80000,0x00000000fa200000)
 ParOldGen       total 22016K, used 8816K [0x00000000e0a00000, 0x00000000e1f80000, 0x00000000f5900000)
  object space 22016K, 40% used [0x00000000e0a00000,0x00000000e129c020,0x00000000e1f80000)
 Metaspace       used 17409K, capacity 17734K, committed 18176K, reserved 1064960K
  class space    used 2084K, capacity 2208K, committed 2304K, reserved 1048576K
}
Event: 3.931 GC heap before
{Heap before GC invocations=9 (full 0):
 PSYoungGen      total 74240K, used 17029K [0x00000000f5900000, 0x00000000fa800000, 0x0000000100000000)
  eden space 69120K, 17% used [0x00000000f5900000,0x00000000f64ff128,0x00000000f9c80000)
  from space 5120K, 92% used [0x00000000fa200000,0x00000000fa6a23a8,0x00000000fa700000)
  to   space 5632K, 0% used [0x00000000f9c80000,0x00000000f9c80000,0x00000000fa200000)
 ParOldGen       total 22016K, used 8816K [0x00000000e0a00000, 0x00000000e1f80000, 0x00000000f5900000)
  object space 22016K, 40% used [0x00000000e0a00000,0x00000000e129c020,0x00000000e1f80000)
 Metaspace       used 20716K, capacity 21054K, committed 21296K, reserved 1069056K
  class space    used 2518K, capacity 2634K, committed 2688K, reserved 1048576K
Event: 3.942 GC heap after
Heap after GC invocations=9 (full 0):
 PSYoungGen      total 74752K, used 5621K [0x00000000f5900000, 0x00000000fd300000, 0x0000000100000000)
  eden space 69120K, 0% used [0x00000000f5900000,0x00000000f5900000,0x00000000f9c80000)
  from space 5632K, 99% used [0x00000000f9c80000,0x00000000fa1fd6f8,0x00000000fa200000)
  to   space 7168K, 0% used [0x00000000fcc00000,0x00000000fcc00000,0x00000000fd300000)
 ParOldGen       total 22016K, used 10216K [0x00000000e0a00000, 0x00000000e1f80000, 0x00000000f5900000)
  object space 22016K, 46% used [0x00000000e0a00000,0x00000000e13fa040,0x00000000e1f80000)
 Metaspace       used 20716K, capacity 21054K, committed 21296K, reserved 1069056K
  class space    used 2518K, capacity 2634K, committed 2688K, reserved 1048576K
}
Event: 3.942 GC heap before
{Heap before GC invocations=10 (full 1):
 PSYoungGen      total 74752K, used 5621K [0x00000000f5900000, 0x00000000fd300000, 0x0000000100000000)
  eden space 69120K, 0% used [0x00000000f5900000,0x00000000f5900000,0x00000000f9c80000)
  from space 5632K, 99% used [0x00000000f9c80000,0x00000000fa1fd6f8,0x00000000fa200000)
  to   space 7168K, 0% used [0x00000000fcc00000,0x00000000fcc00000,0x00000000fd300000)
 ParOldGen       total 22016K, used 10216K [0x00000000e0a00000, 0x00000000e1f80000, 0x00000000f5900000)
  object space 22016K, 46% used [0x00000000e0a00000,0x00000000e13fa040,0x00000000e1f80000)
 Metaspace       used 20716K, capacity 21054K, committed 21296K, reserved 1069056K
  class space    used 2518K, capacity 2634K, committed 2688K, reserved 1048576K
Event: 4.008 GC heap after
Heap after GC invocations=10 (full 1):
 PSYoungGen      total 74752K, used 0K [0x00000000f5900000, 0x00000000fd300000, 0x0000000100000000)
  eden space 69120K, 0% used [0x00000000f5900000,0x00000000f5900000,0x00000000f9c80000)
  from space 5632K, 0% used [0x00000000f9c80000,0x00000000f9c80000,0x00000000fa200000)
  to   space 7168K, 0% used [0x00000000fcc00000,0x00000000fcc00000,0x00000000fd300000)
 ParOldGen       total 28672K, used 12497K [0x00000000e0a00000, 0x00000000e2600000, 0x00000000f5900000)
  object space 28672K, 43% used [0x00000000e0a00000,0x00000000e1634410,0x00000000e2600000)
 Metaspace       used 20716K, capacity 21054K, committed 21296K, reserved 1069056K
  class space    used 2518K, capacity 2634K, committed 2688K, reserved 1048576K
}
Event: 201.730 GC heap before
{Heap before GC invocations=11 (full 1):
 PSYoungGen      total 74752K, used 69120K [0x00000000f5900000, 0x00000000fd300000, 0x0000000100000000)
  eden space 69120K, 100% used [0x00000000f5900000,0x00000000f9c80000,0x00000000f9c80000)
  from space 5632K, 0% used [0x00000000f9c80000,0x00000000f9c80000,0x00000000fa200000)
  to   space 7168K, 0% used [0x00000000fcc00000,0x00000000fcc00000,0x00000000fd300000)
 ParOldGen       total 28672K, used 12497K [0x00000000e0a00000, 0x00000000e2600000, 0x00000000f5900000)
  object space 28672K, 43% used [0x00000000e0a00000,0x00000000e1634410,0x00000000e2600000)
 Metaspace       used 32858K, capacity 33366K, committed 33536K, reserved 1079296K
  class space    used 3885K, capacity 4069K, committed 4096K, reserved 1048576K
Event: 201.761 GC heap after
Heap after GC invocations=11 (full 1):
 PSYoungGen      total 97792K, used 7167K [0x00000000f5900000, 0x00000000fd300000, 0x0000000100000000)
  eden space 90624K, 0% used [0x00000000f5900000,0x00000000f5900000,0x00000000fb180000)
  from space 7168K, 99% used [0x00000000fcc00000,0x00000000fd2ffe78,0x00000000fd300000)
  to   space 9216K, 0% used [0x00000000fc100000,0x00000000fc100000,0x00000000fca00000)
 ParOldGen       total 28672K, used 16320K [0x00000000e0a00000, 0x00000000e2600000, 0x00000000f5900000)
  object space 28672K, 56% used [0x00000000e0a00000,0x00000000e19f03a0,0x00000000e2600000)
 Metaspace       used 32858K, capacity 33366K, committed 33536K, reserved 1079296K
  class space    used 3885K, capacity 4069K, committed 4096K, reserved 1048576K
}
Event: 634.878 GC heap before
{Heap before GC invocations=12 (full 1):
 PSYoungGen      total 97792K, used 97791K [0x00000000f5900000, 0x00000000fd300000, 0x0000000100000000)
  eden space 90624K, 100% used [0x00000000f5900000,0x00000000fb180000,0x00000000fb180000)
  from space 7168K, 99% used [0x00000000fcc00000,0x00000000fd2ffe78,0x00000000fd300000)
  to   space 9216K, 0% used [0x00000000fc100000,0x00000000fc100000,0x00000000fca00000)
 ParOldGen       total 28672K, used 16320K [0x00000000e0a00000, 0x00000000e2600000, 0x00000000f5900000)
  object space 28672K, 56% used [0x00000000e0a00000,0x00000000e19f03a0,0x00000000e2600000)
 Metaspace       used 32981K, capacity 33570K, committed 33792K, reserved 1079296K
  class space    used 3886K, capacity 4071K, committed 4096K, reserved 1048576K
Event: 634.928 GC heap after
Heap after GC invocations=12 (full 1):
 PSYoungGen      total 115712K, used 800K [0x00000000f5900000, 0x00000000fdc80000, 0x0000000100000000)
  eden space 106496K, 0% used [0x00000000f5900000,0x00000000f5900000,0x00000000fc100000)
  from space 9216K, 8% used [0x00000000fc100000,0x00000000fc1c8000,0x00000000fca00000)
  to   space 9728K, 0% used [0x00000000fd300000,0x00000000fd300000,0x00000000fdc80000)
 ParOldGen       total 28672K, used 19851K [0x00000000e0a00000, 0x00000000e2600000, 0x00000000f5900000)
  object space 28672K, 69% used [0x00000000e0a00000,0x00000000e1d62e60,0x00000000e2600000)
 Metaspace       used 32981K, capacity 33570K, committed 33792K, reserved 1079296K
  class space    used 3886K, capacity 4071K, committed 4096K, reserved 1048576K
}
Event: 1985.852 GC heap before
{Heap before GC invocations=13 (full 1):
 PSYoungGen      total 115712K, used 107296K [0x00000000f5900000, 0x00000000fdc80000, 0x0000000100000000)
  eden space 106496K, 100% used [0x00000000f5900000,0x00000000fc100000,0x00000000fc100000)
  from space 9216K, 8% used [0x00000000fc100000,0x00000000fc1c8000,0x00000000fca00000)
  to   space 9728K, 0% used [0x00000000fd300000,0x00000000fd300000,0x00000000fdc80000)
 ParOldGen       total 28672K, used 19851K [0x00000000e0a00000, 0x00000000e2600000, 0x00000000f5900000)
  object space 28672K, 69% used [0x00000000e0a00000,0x00000000e1d62e60,0x00000000e2600000)
 Metaspace       used 33006K, capacity 33570K, committed 33792K, reserved 1079296K
  class space    used 3888K, capacity 4071K, committed 4096K, reserved 1048576K

