# JRE version: Java(TM) SE Runtime Environment (8.0_181-b13) (build 1.8.0_181-b13)
# Java VM: Java HotSpot(TM) 64-Bit Server VM (25.181-b13 mixed mode linux-amd64 compressed oops)
Heap:
 PSYoungGen      total 74752K, used 5557K [0x00000000f5900000, 0x00000000fa800000, 0x0000000100000000)
  eden space 69120K, 0% used [0x00000000f5900000,0x00000000f5900000,0x00000000f9c80000)
  from space 5632K, 98% used [0x00000000f9c80000,0x00000000fa1ed6f8,0x00000000fa200000)
  to   space 5120K, 0% used [0x00000000fa200000,0x00000000fa200000,0x00000000fa700000)
 ParOldGen       total 22016K, used 10041K [0x00000000e0a00000, 0x00000000e1f80000, 0x00000000f5900000)
  object space 22016K, 45% used [0x00000000e0a00000,0x00000000e13ce6d0,0x00000000e1f80000)
 Metaspace       used 20706K, capacity 21054K, committed 21296K, reserved 1069056K
  class space    used 2523K, capacity 2634K, committed 2688K, reserved 1048576K
GC Heap History (10 events):
Event: 1.821 GC heap after
Heap after GC invocations=4 (full 0):
 PSYoungGen      total 18432K, used 992K [0x00000000f5900000, 0x00000000f6c00000, 0x0000000100000000)
  eden space 17408K, 0% used [0x00000000f5900000,0x00000000f5900000,0x00000000f6a00000)
  from space 1024K, 96% used [0x00000000f6b00000,0x00000000f6bf8020,0x00000000f6c00000)
  to   space 1024K, 0% used [0x00000000f6a00000,0x00000000f6a00000,0x00000000f6b00000)
 ParOldGen       total 22016K, used 5013K [0x00000000e0a00000, 0x00000000e1f80000, 0x00000000f5900000)
  object space 22016K, 22% used [0x00000000e0a00000,0x00000000e0ee54b8,0x00000000e1f80000)
 Metaspace       used 8712K, capacity 8866K, committed 9088K, reserved 1056768K
  class space    used 1071K, capacity 1145K, committed 1152K, reserved 1048576K
}
Event: 2.427 GC heap before
{Heap before GC invocations=5 (full 0):
 PSYoungGen      total 18432K, used 18400K [0x00000000f5900000, 0x00000000f6c00000, 0x0000000100000000)
  eden space 17408K, 100% used [0x00000000f5900000,0x00000000f6a00000,0x00000000f6a00000)
  from space 1024K, 96% used [0x00000000f6b00000,0x00000000f6bf8020,0x00000000f6c00000)
  to   space 1024K, 0% used [0x00000000f6a00000,0x00000000f6a00000,0x00000000f6b00000)
 ParOldGen       total 22016K, used 5013K [0x00000000e0a00000, 0x00000000e1f80000, 0x00000000f5900000)
  object space 22016K, 22% used [0x00000000e0a00000,0x00000000e0ee54b8,0x00000000e1f80000)
 Metaspace       used 11228K, capacity 11394K, committed 11520K, reserved 1058816K
  class space    used 1406K, capacity 1475K, committed 1536K, reserved 1048576K
Event: 2.439 GC heap after
Heap after GC invocations=5 (full 0):
 PSYoungGen      total 18432K, used 992K [0x00000000f5900000, 0x00000000f8400000, 0x0000000100000000)
  eden space 17408K, 0% used [0x00000000f5900000,0x00000000f5900000,0x00000000f6a00000)
  from space 1024K, 96% used [0x00000000f6a00000,0x00000000f6af8020,0x00000000f6b00000)
  to   space 4608K, 0% used [0x00000000f7f80000,0x00000000f7f80000,0x00000000f8400000)
 ParOldGen       total 22016K, used 8263K [0x00000000e0a00000, 0x00000000e1f80000, 0x00000000f5900000)
  object space 22016K, 37% used [0x00000000e0a00000,0x00000000e1211e20,0x00000000e1f80000)
 Metaspace       used 11228K, capacity 11394K, committed 11520K, reserved 1058816K
  class space    used 1406K, capacity 1475K, committed 1536K, reserved 1048576K
}
Event: 6.871 GC heap before
{Heap before GC invocations=6 (full 0):
 PSYoungGen      total 18432K, used 18400K [0x00000000f5900000, 0x00000000f8400000, 0x0000000100000000)
  eden space 17408K, 100% used [0x00000000f5900000,0x00000000f6a00000,0x00000000f6a00000)
  from space 1024K, 96% used [0x00000000f6a00000,0x00000000f6af8020,0x00000000f6b00000)
  to   space 4608K, 0% used [0x00000000f7f80000,0x00000000f7f80000,0x00000000f8400000)
 ParOldGen       total 22016K, used 8263K [0x00000000e0a00000, 0x00000000e1f80000, 0x00000000f5900000)
  object space 22016K, 37% used [0x00000000e0a00000,0x00000000e1211e20,0x00000000e1f80000)
 Metaspace       used 13204K, capacity 13364K, committed 13568K, reserved 1060864K
  class space    used 1669K, capacity 1766K, committed 1792K, reserved 1048576K
Event: 6.944 GC heap after
Heap after GC invocations=6 (full 0):
 PSYoungGen      total 39424K, used 3282K [0x00000000f5900000, 0x00000000f8400000, 0x0000000100000000)
  eden space 34816K, 0% used [0x00000000f5900000,0x00000000f5900000,0x00000000f7b00000)
  from space 4608K, 71% used [0x00000000f7f80000,0x00000000f82b4ac0,0x00000000f8400000)
  to   space 4608K, 0% used [0x00000000f7b00000,0x00000000f7b00000,0x00000000f7f80000)
 ParOldGen       total 22016K, used 8263K [0x00000000e0a00000, 0x00000000e1f80000, 0x00000000f5900000)
  object space 22016K, 37% used [0x00000000e0a00000,0x00000000e1211e20,0x00000000e1f80000)
 Metaspace       used 13204K, capacity 13364K, committed 13568K, reserved 1060864K
  class space    used 1669K, capacity 1766K, committed 1792K, reserved 1048576K
}
Event: 21.510 GC heap before
{Heap before GC invocations=7 (full 0):
 PSYoungGen      total 39424K, used 38098K [0x00000000f5900000, 0x00000000f8400000, 0x0000000100000000)
  eden space 34816K, 100% used [0x00000000f5900000,0x00000000f7b00000,0x00000000f7b00000)
  from space 4608K, 71% used [0x00000000f7f80000,0x00000000f82b4ac0,0x00000000f8400000)
  to   space 4608K, 0% used [0x00000000f7b00000,0x00000000f7b00000,0x00000000f7f80000)
 ParOldGen       total 22016K, used 8263K [0x00000000e0a00000, 0x00000000e1f80000, 0x00000000f5900000)
  object space 22016K, 37% used [0x00000000e0a00000,0x00000000e1211e20,0x00000000e1f80000)
 Metaspace       used 16371K, capacity 16612K, committed 17024K, reserved 1064960K
  class space    used 1990K, capacity 2068K, committed 2176K, reserved 1048576K
Event: 21.776 GC heap after
Heap after GC invocations=7 (full 0):
 PSYoungGen      total 39424K, used 4220K [0x00000000f5900000, 0x00000000fa700000, 0x0000000100000000)
  eden space 34816K, 0% used [0x00000000f5900000,0x00000000f5900000,0x00000000f7b00000)
  from space 4608K, 91% used [0x00000000f7b00000,0x00000000f7f1f038,0x00000000f7f80000)
  to   space 5120K, 0% used [0x00000000fa200000,0x00000000fa200000,0x00000000fa700000)
 ParOldGen       total 22016K, used 8575K [0x00000000e0a00000, 0x00000000e1f80000, 0x00000000f5900000)
  object space 22016K, 38% used [0x00000000e0a00000,0x00000000e125fe70,0x00000000e1f80000)
 Metaspace       used 16371K, capacity 16612K, committed 17024K, reserved 1064960K
  class space    used 1990K, capacity 2068K, committed 2176K, reserved 1048576K
}
Event: 65.911 GC heap before
{Heap before GC invocations=8 (full 0):
 PSYoungGen      total 39424K, used 39036K [0x00000000f5900000, 0x00000000fa700000, 0x0000000100000000)
  eden space 34816K, 100% used [0x00000000f5900000,0x00000000f7b00000,0x00000000f7b00000)
  from space 4608K, 91% used [0x00000000f7b00000,0x00000000f7f1f038,0x00000000f7f80000)
  to   space 5120K, 0% used [0x00000000fa200000,0x00000000fa200000,0x00000000fa700000)
 ParOldGen       total 22016K, used 8575K [0x00000000e0a00000, 0x00000000e1f80000, 0x00000000f5900000)
  object space 22016K, 38% used [0x00000000e0a00000,0x00000000e125fe70,0x00000000e1f80000)
 Metaspace       used 17432K, capacity 17842K, committed 18176K, reserved 1064960K
  class space    used 2100K, capacity 2248K, committed 2304K, reserved 1048576K
Event: 66.012 GC heap after
Heap after GC invocations=8 (full 0):
 PSYoungGen      total 74240K, used 4890K [0x00000000f5900000, 0x00000000fa800000, 0x0000000100000000)
  eden space 69120K, 0% used [0x00000000f5900000,0x00000000f5900000,0x00000000f9c80000)
  from space 5120K, 95% used [0x00000000fa200000,0x00000000fa6c6858,0x00000000fa700000)
  to   space 5632K, 0% used [0x00000000f9c80000,0x00000000f9c80000,0x00000000fa200000)
 ParOldGen       total 22016K, used 8679K [0x00000000e0a00000, 0x00000000e1f80000, 0x00000000f5900000)
  object space 22016K, 39% used [0x00000000e0a00000,0x00000000e1279e70,0x00000000e1f80000)
 Metaspace       used 17432K, capacity 17842K, committed 18176K, reserved 1064960K
  class space    used 2100K, capacity 2248K, committed 2304K, reserved 1048576K
}
Event: 68.392 GC heap before
{Heap before GC invocations=9 (full 0):
 PSYoungGen      total 74240K, used 16532K [0x00000000f5900000, 0x00000000fa800000, 0x0000000100000000)
  eden space 69120K, 16% used [0x00000000f5900000,0x00000000f645eb78,0x00000000f9c80000)
  from space 5120K, 95% used [0x00000000fa200000,0x00000000fa6c6858,0x00000000fa700000)
  to   space 5632K, 0% used [0x00000000f9c80000,0x00000000f9c80000,0x00000000fa200000)
 ParOldGen       total 22016K, used 8679K [0x00000000e0a00000, 0x00000000e1f80000, 0x00000000f5900000)
  object space 22016K, 39% used [0x00000000e0a00000,0x00000000e1279e70,0x00000000e1f80000)
 Metaspace       used 20706K, capacity 21054K, committed 21296K, reserved 1069056K
  class space    used 2523K, capacity 2634K, committed 2688K, reserved 1048576K

