# JRE version: Java(TM) SE Runtime Environment (8.0_181-b13) (build 1.8.0_181-b13)
# Java VM: Java HotSpot(TM) 64-Bit Server VM (25.181-b13 mixed mode linux-amd64 compressed oops)
Heap:
 PSYoungGen      total 74752K, used 5619K [0x00000000f5900000, 0x00000000fa800000, 0x0000000100000000)
  eden space 69120K, 0% used [0x00000000f5900000,0x00000000f5900000,0x00000000f9c80000)
  from space 5632K, 99% used [0x00000000f9c80000,0x00000000fa1fcdb8,0x00000000fa200000)
  to   space 5120K, 0% used [0x00000000fa200000,0x00000000fa200000,0x00000000fa700000)
 ParOldGen       total 22016K, used 10130K [0x00000000e0a00000, 0x00000000e1f80000, 0x00000000f5900000)
  object space 22016K, 46% used [0x00000000e0a00000,0x00000000e13e4af8,0x00000000e1f80000)
 Metaspace       used 20755K, capacity 21054K, committed 21296K, reserved 1069056K
  class space    used 2524K, capacity 2634K, committed 2688K, reserved 1048576K
GC Heap History (10 events):
Event: 1.311 GC heap after
Heap after GC invocations=4 (full 0):
 PSYoungGen      total 18432K, used 1008K [0x00000000f5900000, 0x00000000f6c00000, 0x0000000100000000)
  eden space 17408K, 0% used [0x00000000f5900000,0x00000000f5900000,0x00000000f6a00000)
  from space 1024K, 98% used [0x00000000f6b00000,0x00000000f6bfc010,0x00000000f6c00000)
  to   space 1024K, 0% used [0x00000000f6a00000,0x00000000f6a00000,0x00000000f6b00000)
 ParOldGen       total 22016K, used 5030K [0x00000000e0a00000, 0x00000000e1f80000, 0x00000000f5900000)
  object space 22016K, 22% used [0x00000000e0a00000,0x00000000e0ee9910,0x00000000e1f80000)
 Metaspace       used 8678K, capacity 8802K, committed 8832K, reserved 1056768K
  class space    used 1071K, capacity 1145K, committed 1152K, reserved 1048576K
}
Event: 1.706 GC heap before
{Heap before GC invocations=5 (full 0):
 PSYoungGen      total 18432K, used 18416K [0x00000000f5900000, 0x00000000f6c00000, 0x0000000100000000)
  eden space 17408K, 100% used [0x00000000f5900000,0x00000000f6a00000,0x00000000f6a00000)
  from space 1024K, 98% used [0x00000000f6b00000,0x00000000f6bfc010,0x00000000f6c00000)
  to   space 1024K, 0% used [0x00000000f6a00000,0x00000000f6a00000,0x00000000f6b00000)
 ParOldGen       total 22016K, used 5030K [0x00000000e0a00000, 0x00000000e1f80000, 0x00000000f5900000)
  object space 22016K, 22% used [0x00000000e0a00000,0x00000000e0ee9910,0x00000000e1f80000)
 Metaspace       used 11222K, capacity 11394K, committed 11520K, reserved 1058816K
  class space    used 1406K, capacity 1475K, committed 1536K, reserved 1048576K
Event: 1.714 GC heap after
Heap after GC invocations=5 (full 0):
 PSYoungGen      total 18432K, used 1024K [0x00000000f5900000, 0x00000000f8400000, 0x0000000100000000)
  eden space 17408K, 0% used [0x00000000f5900000,0x00000000f5900000,0x00000000f6a00000)
  from space 1024K, 100% used [0x00000000f6a00000,0x00000000f6b00000,0x00000000f6b00000)
  to   space 4608K, 0% used [0x00000000f7f80000,0x00000000f7f80000,0x00000000f8400000)
 ParOldGen       total 22016K, used 8269K [0x00000000e0a00000, 0x00000000e1f80000, 0x00000000f5900000)
  object space 22016K, 37% used [0x00000000e0a00000,0x00000000e1213468,0x00000000e1f80000)
 Metaspace       used 11222K, capacity 11394K, committed 11520K, reserved 1058816K
  class space    used 1406K, capacity 1475K, committed 1536K, reserved 1048576K
}
Event: 2.222 GC heap before
{Heap before GC invocations=6 (full 0):
 PSYoungGen      total 18432K, used 18432K [0x00000000f5900000, 0x00000000f8400000, 0x0000000100000000)
  eden space 17408K, 100% used [0x00000000f5900000,0x00000000f6a00000,0x00000000f6a00000)
  from space 1024K, 100% used [0x00000000f6a00000,0x00000000f6b00000,0x00000000f6b00000)
  to   space 4608K, 0% used [0x00000000f7f80000,0x00000000f7f80000,0x00000000f8400000)
 ParOldGen       total 22016K, used 8269K [0x00000000e0a00000, 0x00000000e1f80000, 0x00000000f5900000)
  object space 22016K, 37% used [0x00000000e0a00000,0x00000000e1213468,0x00000000e1f80000)
 Metaspace       used 13208K, capacity 13364K, committed 13568K, reserved 1060864K
  class space    used 1669K, capacity 1766K, committed 1792K, reserved 1048576K
Event: 2.239 GC heap after
Heap after GC invocations=6 (full 0):
 PSYoungGen      total 39424K, used 3353K [0x00000000f5900000, 0x00000000f8400000, 0x0000000100000000)
  eden space 34816K, 0% used [0x00000000f5900000,0x00000000f5900000,0x00000000f7b00000)
  from space 4608K, 72% used [0x00000000f7f80000,0x00000000f82c65f0,0x00000000f8400000)
  to   space 4608K, 0% used [0x00000000f7b00000,0x00000000f7b00000,0x00000000f7f80000)
 ParOldGen       total 22016K, used 8269K [0x00000000e0a00000, 0x00000000e1f80000, 0x00000000f5900000)
  object space 22016K, 37% used [0x00000000e0a00000,0x00000000e1213468,0x00000000e1f80000)
 Metaspace       used 13208K, capacity 13364K, committed 13568K, reserved 1060864K
  class space    used 1669K, capacity 1766K, committed 1792K, reserved 1048576K
}
Event: 3.623 GC heap before
{Heap before GC invocations=7 (full 0):
 PSYoungGen      total 39424K, used 38169K [0x00000000f5900000, 0x00000000f8400000, 0x0000000100000000)
  eden space 34816K, 100% used [0x00000000f5900000,0x00000000f7b00000,0x00000000f7b00000)
  from space 4608K, 72% used [0x00000000f7f80000,0x00000000f82c65f0,0x00000000f8400000)
  to   space 4608K, 0% used [0x00000000f7b00000,0x00000000f7b00000,0x00000000f7f80000)
 ParOldGen       total 22016K, used 8269K [0x00000000e0a00000, 0x00000000e1f80000, 0x00000000f5900000)
  object space 22016K, 37% used [0x00000000e0a00000,0x00000000e1213468,0x00000000e1f80000)
 Metaspace       used 16432K, capacity 16676K, committed 17024K, reserved 1064960K
  class space    used 1990K, capacity 2068K, committed 2176K, reserved 1048576K
Event: 3.665 GC heap after
Heap after GC invocations=7 (full 0):
 PSYoungGen      total 39424K, used 4225K [0x00000000f5900000, 0x00000000fa700000, 0x0000000100000000)
  eden space 34816K, 0% used [0x00000000f5900000,0x00000000f5900000,0x00000000f7b00000)
  from space 4608K, 91% used [0x00000000f7b00000,0x00000000f7f20780,0x00000000f7f80000)
  to   space 5120K, 0% used [0x00000000fa200000,0x00000000fa200000,0x00000000fa700000)
 ParOldGen       total 22016K, used 8657K [0x00000000e0a00000, 0x00000000e1f80000, 0x00000000f5900000)
  object space 22016K, 39% used [0x00000000e0a00000,0x00000000e1274658,0x00000000e1f80000)
 Metaspace       used 16432K, capacity 16676K, committed 17024K, reserved 1064960K
  class space    used 1990K, capacity 2068K, committed 2176K, reserved 1048576K
}
Event: 5.663 GC heap before
{Heap before GC invocations=8 (full 0):
 PSYoungGen      total 39424K, used 39041K [0x00000000f5900000, 0x00000000fa700000, 0x0000000100000000)
  eden space 34816K, 100% used [0x00000000f5900000,0x00000000f7b00000,0x00000000f7b00000)
  from space 4608K, 91% used [0x00000000f7b00000,0x00000000f7f20780,0x00000000f7f80000)
  to   space 5120K, 0% used [0x00000000fa200000,0x00000000fa200000,0x00000000fa700000)
 ParOldGen       total 22016K, used 8657K [0x00000000e0a00000, 0x00000000e1f80000, 0x00000000f5900000)
  object space 22016K, 39% used [0x00000000e0a00000,0x00000000e1274658,0x00000000e1f80000)
 Metaspace       used 17398K, capacity 17740K, committed 18176K, reserved 1064960K
  class space    used 2084K, capacity 2210K, committed 2304K, reserved 1048576K
Event: 5.694 GC heap after
Heap after GC invocations=8 (full 0):
 PSYoungGen      total 74240K, used 4743K [0x00000000f5900000, 0x00000000fa800000, 0x0000000100000000)
  eden space 69120K, 0% used [0x00000000f5900000,0x00000000f5900000,0x00000000f9c80000)
  from space 5120K, 92% used [0x00000000fa200000,0x00000000fa6a1f18,0x00000000fa700000)
  to   space 5632K, 0% used [0x00000000f9c80000,0x00000000f9c80000,0x00000000fa200000)
 ParOldGen       total 22016K, used 8809K [0x00000000e0a00000, 0x00000000e1f80000, 0x00000000f5900000)
  object space 22016K, 40% used [0x00000000e0a00000,0x00000000e129a668,0x00000000e1f80000)
 Metaspace       used 17398K, capacity 17740K, committed 18176K, reserved 1064960K
  class space    used 2084K, capacity 2210K, committed 2304K, reserved 1048576K
}
Event: 7.953 GC heap before
{Heap before GC invocations=9 (full 0):
 PSYoungGen      total 74240K, used 17151K [0x00000000f5900000, 0x00000000fa800000, 0x0000000100000000)
  eden space 69120K, 17% used [0x00000000f5900000,0x00000000f651dd78,0x00000000f9c80000)
  from space 5120K, 92% used [0x00000000fa200000,0x00000000fa6a1f18,0x00000000fa700000)
  to   space 5632K, 0% used [0x00000000f9c80000,0x00000000f9c80000,0x00000000fa200000)
 ParOldGen       total 22016K, used 8809K [0x00000000e0a00000, 0x00000000e1f80000, 0x00000000f5900000)
  object space 22016K, 40% used [0x00000000e0a00000,0x00000000e129a668,0x00000000e1f80000)
 Metaspace       used 20755K, capacity 21054K, committed 21296K, reserved 1069056K
  class space    used 2524K, capacity 2634K, committed 2688K, reserved 1048576K

